app/build/intermediates/manifest_merge_blame_file/debug/manifest-merger-blame-debug-report.txt
1<?xml version="1.0" encoding="utf-8"?>
2<manifest xmlns:android="http://schemas.android.com/apk/res/android"
3    package="com.example.android.navigation"
4    android:versionCode="1"
5    android:versionName="1.0" >
6
7    <uses-sdk
8        android:minSdkVersion="21"
8-->src/main/AndroidManifest.xml
9        android:targetSdkVersion="28" />
9-->src/main/AndroidManifest.xml
10
11    <uses-permission android:name="android.permission.INTERNET" />
11-->src/main/AndroidManifest.xml:6:5-67
11-->src/main/AndroidManifest.xml:6:22-64
12
13    <application
13-->src/main/AndroidManifest.xml:8:5-27:19
14        android:name="com.example.remotecontrolcar.LifecycleChecker"
14-->src/main/AndroidManifest.xml:9:13-45
15        android:allowBackup="true"
15-->src/main/AndroidManifest.xml:11:13-39
16        android:appComponentFactory="androidx.core.app.CoreComponentFactory"
16-->[androidx.core:core:1.0.2] AndroidManifest.xml:22:18-86
17        android:debuggable="true"
18        android:icon="@mipmap/ic_launcher"
18-->src/main/AndroidManifest.xml:12:13-47
19        android:label="@string/app_name"
19-->src/main/AndroidManifest.xml:13:13-45
20        android:roundIcon="@mipmap/ic_launcher_round"
20-->src/main/AndroidManifest.xml:14:13-58
21        android:supportsRtl="true"
21-->src/main/AndroidManifest.xml:15:13-39
22        android:testOnly="true"
23        android:theme="@style/AppTheme"
23-->src/main/AndroidManifest.xml:16:13-44
24        android:usesCleartextTraffic="true" >
24-->src/main/AndroidManifest.xml:10:13-48
25        <activity
25-->src/main/AndroidManifest.xml:17:9-26:20
26            android:name="com.example.remotecontrolcar.MainActivity"
26-->src/main/AndroidManifest.xml:18:17-45
27            android:configChanges="orientation|screenSize|smallestScreenSize|screenLayout"
27-->src/main/AndroidManifest.xml:20:17-95
28            android:screenOrientation="landscape" >
28-->src/main/AndroidManifest.xml:19:17-54
29            <intent-filter>
29-->src/main/AndroidManifest.xml:21:13-25:29
30                <action android:name="android.intent.action.MAIN" />
30-->src/main/AndroidManifest.xml:22:17-68
30-->src/main/AndroidManifest.xml:22:25-66
31
32                <category android:name="android.intent.category.LAUNCHER" />
32-->src/main/AndroidManifest.xml:24:17-76
32-->src/main/AndroidManifest.xml:24:27-74
33            </intent-filter>
34        </activity>
35
36        <provider
36-->[androidx.lifecycle:lifecycle-process:2.0.0] AndroidManifest.xml:23:9-27:43
37            android:name="androidx.lifecycle.ProcessLifecycleOwnerInitializer"
37-->[androidx.lifecycle:lifecycle-process:2.0.0] AndroidManifest.xml:24:13-79
38            android:authorities="com.example.android.navigation.lifecycle-process"
38-->[androidx.lifecycle:lifecycle-process:2.0.0] AndroidManifest.xml:25:13-69
39            android:exported="false"
39-->[androidx.lifecycle:lifecycle-process:2.0.0] AndroidManifest.xml:26:13-37
40            android:multiprocess="true" />
40-->[androidx.lifecycle:lifecycle-process:2.0.0] AndroidManifest.xml:27:13-40
41    </application>
42
43</manifest>